2024-07-12 , 16:29:35  -  Book created: * Exhalation
 - Written by: Ted Chiang
 - Published: 2008-11-15
 - Id: 14ab06d6-7721-49a4-9d41-146a56306d81
2024-07-12 , 16:29:35  -  Book created: * Good Omens: The Nice and Accurate Prophecies of Agnes Nutter, Witch
 - Written by: Terry Pratchett & Neil Gaiman
 - Published: 1990-05-01
 - Id: d254c206-34de-4484-9216-1865046429c7
2024-07-12 , 16:29:35  -  Book created: * Foundation
 - Written by: Isaac Asimov
 - Published: 1951-08-30
 - Id: 9f275aaf-81e0-45ff-b91f-a058e9854fca
2024-07-12 , 16:29:35  -  Book created: * Foundation's Edge
 - Written by: Isaac Asimov
 - Published: 1982-10-28
 - Id: e42398fc-35da-49c0-a424-bb8bd1bf5d81
2024-07-12 , 16:29:35  -  Book created: * The Hunger Games
 - Written by: Suzanne Collins
 - Published: 2008-09-14
 - Id: 67e04f59-1afd-4b83-8559-985deef5a25f
2024-07-12 , 16:29:35  -  Book created: * Going Postal
 - Written by: Terry Pratchett
 - Published: 2004-09-25
 - Id: 778b1e40-43c7-4cc1-8000-ae8446760e6d
2024-07-12 , 16:29:35  -  Book created: * Making Money
 - Written by: Terry Pratchett
 - Published: 2007-09-18
 - Id: 1319f24d-83dd-40f3-bb0f-2c4adcbf4880
2024-07-12 , 16:29:35  -  Book created: * Stranger in a Strange Land
 - Written by: Robert A. Heinlein
 - Published: 1961-06-01
 - Id: 1e83af3a-f940-496a-9a33-df0bbe6dc263
2024-07-12 , 16:29:35  -  Book created: * Exhalation
 - Written by: Ted Chiang
 - Published: 2008-11-15
 - Id: 22a974d7-2a21-434d-be36-0a1166518ad4
2024-07-12 , 16:29:35  -  Book created: * Good Omens: The Nice and Accurate Prophecies of Agnes Nutter, Witch
 - Written by: Terry Pratchett & Neil Gaiman
 - Published: 1990-05-01
 - Id: 5468a47f-875a-4dc6-8426-028b7a4fadf9
2024-07-12 , 16:29:35  -  Book created: * The Hitchhiker's Guide to the Galaxy
 - Written by: Douglas Adams
 - Published: 1979-10-12
 - Id: 5a40f8b1-7bfa-4c69-a475-1f6675181215
2024-07-12 , 16:29:35  -  Book created: * Animal Farm
 - Written by: George Orwell
 - Published: 1945-08-17
 - Id: ec14b6b9-a5e5-4ab8-a562-dee2cbaeb79a
2024-07-12 , 16:29:35  -  Book created: * Jurassic Park
 - Written by: Michael Crichton
 - Published: 1990-11-20
 - Id: 71cfbac8-40cf-494b-b062-7f8c6c017d7d
2024-07-12 , 16:29:35  -  Book created: * The Hitchhiker's Guide to the Galaxy
 - Written by: Douglas Adams
 - Published: 1979-10-12
 - Id: 1bc1c3c8-9da7-4cf8-93c0-849fd5c3273c
2024-07-12 , 16:29:35  -  Book created: * Oh, the Places You'll Go!
 - Written by: Dr. Seuss
 - Published: 1990-01-22
 - Id: c75e5689-9d5e-46a4-bf5d-7ce2df05f8b3
2024-07-12 , 16:29:35  -  Book created: * Stranger in a Strange Land
 - Written by: Robert A. Heinlein
 - Published: 1961-06-01
 - Id: 57b515b0-3239-4bed-aec1-5468585ec4cf
2024-07-12 , 16:29:35  -  Book created: * The Moon is a Harsh Mistress
 - Written by: Robert A. Heinlein
 - Published: 1966-06-02
 - Id: c973c4eb-1231-4a52-b74e-1bcc90122627
2024-07-12 , 16:29:35  -  Book created: * Going Postal
 - Written by: Terry Pratchett
 - Published: 2004-09-25
 - Id: 0f8bf9b7-0301-4e09-9963-8a9f3bdd55d3
2024-07-12 , 16:29:35  -  Book created: * Raising Steam
 - Written by: Terry Pratchett
 - Published: 2013-11-07
 - Id: 5ba86936-d61a-4f56-86d8-968c81bd3b78
2024-07-12 , 16:29:35  -  Book created: * Making Money
 - Written by: Terry Pratchett
 - Published: 2007-09-18
 - Id: 4f9ea4aa-77dc-4983-b761-743dc179377e
2024-07-12 , 16:29:35  -  Book created: * The Fellowship of the Ring
 - Written by: J. R. R. Tolkien
 - Published: 1954-07-29
 - Id: 801dfb48-75fb-4656-8b88-777aab7d9b5b
2024-07-12 , 16:29:35  -  Book created: * The Two Towers
 - Written by: J. R. R. Tolkien
 - Published: 1954-11-11
 - Id: ed25b39c-12a0-4245-9167-fac2cd5d91fe
2024-07-12 , 16:29:35  -  Book created: * The Return of the King
 - Written by: J. R. R. Tolkien
 - Published: 1955-10-20
 - Id: a9efaea4-9333-4cf5-b7dc-3f6c02dd860f
2024-07-12 , 16:29:35  -  Book created: * Oh, the Places You'll Go!
 - Written by: Dr. Seuss
 - Published: 1990-01-22
 - Id: 39a354ad-0bde-40ba-8451-13084cff4f3c
2024-07-12 , 16:29:35  -  Book created: * The Fellowship of the Ring
 - Written by: J. R. R. Tolkien
 - Published: 1954-07-29
 - Id: a8620a67-e2d1-47dd-8649-4d0a4218bc08
2024-07-12 , 16:29:35  -  Book created: * The Two Towers
 - Written by: J. R. R. Tolkien
 - Published: 1954-11-11
 - Id: f421bc05-c56d-4991-9d04-ca88b4d66705
2024-07-12 , 16:29:35  -  Book created: * The Return of the King
 - Written by: J. R. R. Tolkien
 - Published: 1955-10-20
 - Id: 7a0573c3-cb2e-496a-8a8f-8e61e07eb4c1
2024-07-12 , 16:29:35  -  Book created: * The Hunger Games
 - Written by: Suzanne Collins
 - Published: 2008-09-14
 - Id: 862bb070-f38e-4f59-a3cb-db37ab74f247
2024-07-12 , 16:29:35  -  Book created: * Piranesi
 - Written by: Susanna Clarke
 - Published: 2020-09-15
 - Id: 155c3246-dd50-49ee-9ff6-a1b38a4effed
2024-07-12 , 16:29:35  -  Book created: * Once Upon an Algorithm
 - Written by: Martin Erwig
 - Published: 2017-08-11
 - Id: ecd4aab8-8716-42f3-b14a-244e7534825b
2024-07-12 , 16:29:35  -  Book created: * Raising Steam
 - Written by: Terry Pratchett
 - Published: 2013-11-07
 - Id: dcfd140a-fb76-42ee-9d0f-abeae481fa71
2024-07-12 , 16:29:35  -  Book created: * Making Money
 - Written by: Terry Pratchett
 - Published: 2007-09-18
 - Id: 2c1ea4f2-7432-4cff-8eaa-d3339c97b7aa
2024-07-12 , 16:29:35  -  Book created: * Going Postal
 - Written by: Terry Pratchett
 - Published: 2004-09-25
 - Id: 0bb24b61-5fab-4d48-98d1-1c9806d1c685
2024-07-12 , 16:29:35  -  Book created: * Exhalation
 - Written by: Ted Chiang
 - Published: 2008-11-15
 - Id: a4ae59c8-e324-4b1d-ac37-b210d8709e79
2024-07-12 , 16:29:35  -  Book created: * Jurassic Park
 - Written by: Michael Crichton
 - Published: 1990-11-20
 - Id: bc94c4a9-ebe7-43d8-bca6-e60f098a63eb
2024-07-12 , 16:29:35  -  Book created: * Good Omens: The Nice and Accurate Prophecies of Agnes Nutter, Witch
 - Written by: Terry Pratchett & Neil Gaiman
 - Published: 1990-05-01
 - Id: 10828e5b-fa67-4d82-9d00-a4d6b7d41244
2024-07-12 , 16:29:35  -  Book created: * The Hitchhiker's Guide to the Galaxy
 - Written by: Douglas Adams
 - Published: 1979-10-12
 - Id: 7ebd9c17-727c-4fbf-a1ec-144454988bc3
2024-07-12 , 16:29:35  -  Book created: * The Two Towers
 - Written by: J. R. R. Tolkien
 - Published: 1954-11-11
 - Id: 7b8b51bb-8068-4b37-981e-58c10ea917cb
2024-07-12 , 16:29:35  -  Book created: * The Fellowship of the Ring
 - Written by: J. R. R. Tolkien
 - Published: 1954-07-29
 - Id: 39e8f8b6-1af8-4221-9a22-56e9469d7aeb
2024-07-12 , 16:29:35  -  Book created: * The Return of the King
 - Written by: J. R. R. Tolkien
 - Published: 1955-10-20
 - Id: 4aeaf953-0a46-4178-b587-b46c6e7c9923
2024-07-12 , 16:29:35  -  Book created: * Animal Farm
 - Written by: George Orwell
 - Published: 1945-08-17
 - Id: 1176e32d-df2a-4686-a0e6-036b0ec275e1
2024-07-12 , 16:29:35  -  Book created: * Racing the Beam
 - Written by: Nick Montfort and Ian Bogost
 - Published: 2009-03-01
 - Id: 4b57459c-5f66-4591-9dc9-be7e62f5738c
2024-07-12 , 16:29:35  -  Book created: * Programming for the Puzzled
 - Written by: Srini Devadas
 - Published: 2017-11-09
 - Id: cbbdfa1d-bf82-4d41-9d82-a1aeb33cdb76
2024-07-12 , 16:29:35  -  Book created: * Once Upon an Algorithm
 - Written by: Martin Erwig
 - Published: 2017-08-11
 - Id: a07bc6b2-d58f-4039-8c04-d25c2b12da1f
2024-07-12 , 16:29:35  -  Book created: * The Moon is a Harsh Mistress
 - Written by: Robert A. Heinlein
 - Published: 1966-06-02
 - Id: a129c5f2-a38e-4272-9128-993eb49ec63b
2024-07-12 , 16:29:35  -  Book created: * Stranger in a Strange Land
 - Written by: Robert A. Heinlein
 - Published: 1961-06-01
 - Id: df3715b0-e044-4215-b4dd-bc8d0cbf9938
2024-07-12 , 16:29:43  -  Book created: * Exhalation
 - Written by: Ted Chiang
 - Published: 2008-11-15
 - Id: 39aeb878-313d-4db3-a34a-8ab032941036
2024-07-12 , 16:29:43  -  Book created: * Good Omens: The Nice and Accurate Prophecies of Agnes Nutter, Witch
 - Written by: Terry Pratchett & Neil Gaiman
 - Published: 1990-05-01
 - Id: 5f20ccb5-cea5-4c8c-a274-a42ec5e4f8f0
2024-07-12 , 16:29:43  -  Book created: * Foundation
 - Written by: Isaac Asimov
 - Published: 1951-08-30
 - Id: cb986921-0f6d-469c-90d7-ef9ec2d18279
2024-07-12 , 16:29:43  -  Book created: * Foundation's Edge
 - Written by: Isaac Asimov
 - Published: 1982-10-28
 - Id: dc5c15c5-4962-468d-930f-46c91e1ceff3
2024-07-12 , 16:29:43  -  Book created: * The Hunger Games
 - Written by: Suzanne Collins
 - Published: 2008-09-14
 - Id: dc8df5b5-ab64-44f1-a96c-62d2390749d9
2024-07-12 , 16:29:43  -  Book created: * Going Postal
 - Written by: Terry Pratchett
 - Published: 2004-09-25
 - Id: 29f4ad52-2bfa-44bf-bbcc-b57dfb8198d3
2024-07-12 , 16:29:43  -  Book created: * Making Money
 - Written by: Terry Pratchett
 - Published: 2007-09-18
 - Id: 47db9c93-a8c2-4158-88cd-4cb5e07458fd
2024-07-12 , 16:29:43  -  Book created: * Stranger in a Strange Land
 - Written by: Robert A. Heinlein
 - Published: 1961-06-01
 - Id: a896455c-5960-4bd0-8bd8-68551d54740b
2024-07-12 , 16:29:43  -  Book created: * Exhalation
 - Written by: Ted Chiang
 - Published: 2008-11-15
 - Id: 7e6d7025-84b5-4a8c-b6bc-6feae15e0ebc
2024-07-12 , 16:29:43  -  Book created: * Good Omens: The Nice and Accurate Prophecies of Agnes Nutter, Witch
 - Written by: Terry Pratchett & Neil Gaiman
 - Published: 1990-05-01
 - Id: 4f004af9-f136-4ac6-84e3-c349d722af2f
2024-07-12 , 16:29:43  -  Book created: * The Hitchhiker's Guide to the Galaxy
 - Written by: Douglas Adams
 - Published: 1979-10-12
 - Id: 66c83cf2-d261-41e6-a5e1-ad4a58b1b809
2024-07-12 , 16:29:43  -  Book created: * Animal Farm
 - Written by: George Orwell
 - Published: 1945-08-17
 - Id: 07c07bf3-be5a-46a6-974d-272bd5eafd8a
2024-07-12 , 16:29:43  -  Book created: * Jurassic Park
 - Written by: Michael Crichton
 - Published: 1990-11-20
 - Id: 0d6d3e8b-211f-43e7-9ad5-1b7b052464cf
2024-07-12 , 16:29:43  -  Book created: * The Hitchhiker's Guide to the Galaxy
 - Written by: Douglas Adams
 - Published: 1979-10-12
 - Id: d3045e23-dff5-403b-927a-750a9ce6fa4c
2024-07-12 , 16:29:43  -  Book created: * Oh, the Places You'll Go!
 - Written by: Dr. Seuss
 - Published: 1990-01-22
 - Id: 2de45fe7-9629-4c05-ab45-3b4896f4e1d5
2024-07-12 , 16:29:43  -  Book created: * Stranger in a Strange Land
 - Written by: Robert A. Heinlein
 - Published: 1961-06-01
 - Id: cfe98e67-1558-49b4-9aa9-15d2876267b1
2024-07-12 , 16:29:43  -  Book created: * The Moon is a Harsh Mistress
 - Written by: Robert A. Heinlein
 - Published: 1966-06-02
 - Id: 7838b15f-7424-43f3-b7e6-5c5b433650e4
2024-07-12 , 16:29:43  -  Book created: * Going Postal
 - Written by: Terry Pratchett
 - Published: 2004-09-25
 - Id: af17d04b-7aca-46dd-a5e7-a1fd990bd91e
2024-07-12 , 16:29:43  -  Book created: * Raising Steam
 - Written by: Terry Pratchett
 - Published: 2013-11-07
 - Id: 50c720af-42a7-4871-ad50-d8d49332ac65
2024-07-12 , 16:29:43  -  Book created: * Making Money
 - Written by: Terry Pratchett
 - Published: 2007-09-18
 - Id: 8894089b-3ac5-49ca-8293-707d8f783519
2024-07-12 , 16:29:43  -  Book created: * The Fellowship of the Ring
 - Written by: J. R. R. Tolkien
 - Published: 1954-07-29
 - Id: 470ea85e-9595-4f2d-89cb-d8a0ffcd542e
2024-07-12 , 16:29:43  -  Book created: * The Two Towers
 - Written by: J. R. R. Tolkien
 - Published: 1954-11-11
 - Id: c0266345-5cdc-488b-92be-92e9eefed3fa
2024-07-12 , 16:29:43  -  Book created: * The Return of the King
 - Written by: J. R. R. Tolkien
 - Published: 1955-10-20
 - Id: 15babcc2-d6a9-45ad-9933-0c3288551bd7
2024-07-12 , 16:29:43  -  Book created: * Oh, the Places You'll Go!
 - Written by: Dr. Seuss
 - Published: 1990-01-22
 - Id: cf18f749-f1b3-4c27-af66-9940cae781f1
2024-07-12 , 16:29:43  -  Book created: * The Fellowship of the Ring
 - Written by: J. R. R. Tolkien
 - Published: 1954-07-29
 - Id: 732f66fb-2a30-42a0-8dec-4b514ce9c2e1
2024-07-12 , 16:29:43  -  Book created: * The Two Towers
 - Written by: J. R. R. Tolkien
 - Published: 1954-11-11
 - Id: eabc62af-a430-44ea-8b15-1955aba02e2b
2024-07-12 , 16:29:43  -  Book created: * The Return of the King
 - Written by: J. R. R. Tolkien
 - Published: 1955-10-20
 - Id: 0811674d-04f8-4735-a24e-38703e6f74fe
2024-07-12 , 16:29:43  -  Book created: * The Hunger Games
 - Written by: Suzanne Collins
 - Published: 2008-09-14
 - Id: a46baca0-3a44-4f05-8253-c1c1852d3554
2024-07-12 , 16:29:43  -  Book created: * Piranesi
 - Written by: Susanna Clarke
 - Published: 2020-09-15
 - Id: 0ef4718e-8a6f-4208-a951-07237c1dbe5e
2024-07-12 , 16:29:43  -  Book created: * Once Upon an Algorithm
 - Written by: Martin Erwig
 - Published: 2017-08-11
 - Id: e85726dc-f0c8-471d-9cce-657aabb52a2c
2024-07-12 , 16:29:43  -  Book created: * Raising Steam
 - Written by: Terry Pratchett
 - Published: 2013-11-07
 - Id: deb4d624-efb9-4a6e-92bc-bdfaf6ffe837
2024-07-12 , 16:29:43  -  Book created: * Making Money
 - Written by: Terry Pratchett
 - Published: 2007-09-18
 - Id: 580b9f37-06bb-4c84-8749-a607e2242a4f
2024-07-12 , 16:29:43  -  Book created: * Going Postal
 - Written by: Terry Pratchett
 - Published: 2004-09-25
 - Id: a5786bab-bd6d-4bc2-b627-a51e9a85411b
2024-07-12 , 16:29:43  -  Book created: * Exhalation
 - Written by: Ted Chiang
 - Published: 2008-11-15
 - Id: 4af1c0b8-cd71-4056-9455-6e7b2ba8c726
2024-07-12 , 16:29:43  -  Book created: * Jurassic Park
 - Written by: Michael Crichton
 - Published: 1990-11-20
 - Id: 9bfdc130-0f4b-41fc-8ccb-6d63fac16c5f
2024-07-12 , 16:29:43  -  Book created: * Good Omens: The Nice and Accurate Prophecies of Agnes Nutter, Witch
 - Written by: Terry Pratchett & Neil Gaiman
 - Published: 1990-05-01
 - Id: 45e065d9-68ce-40fe-92be-9c772efdc7bc
2024-07-12 , 16:29:43  -  Book created: * The Hitchhiker's Guide to the Galaxy
 - Written by: Douglas Adams
 - Published: 1979-10-12
 - Id: 453210d4-ba3c-4b00-bd89-8e8092281e23
2024-07-12 , 16:29:43  -  Book created: * The Two Towers
 - Written by: J. R. R. Tolkien
 - Published: 1954-11-11
 - Id: 297d028a-6181-4548-802f-22b8b16c0059
2024-07-12 , 16:29:43  -  Book created: * The Fellowship of the Ring
 - Written by: J. R. R. Tolkien
 - Published: 1954-07-29
 - Id: 4e867454-a0a5-44d9-b8ac-9482e91ae447
2024-07-12 , 16:29:43  -  Book created: * The Return of the King
 - Written by: J. R. R. Tolkien
 - Published: 1955-10-20
 - Id: 431972db-696a-454b-9902-10dfcdbb2ac1
2024-07-12 , 16:29:43  -  Book created: * Animal Farm
 - Written by: George Orwell
 - Published: 1945-08-17
 - Id: 4e74f153-918d-4270-9d0c-d06874828168
2024-07-12 , 16:29:43  -  Book created: * Racing the Beam
 - Written by: Nick Montfort and Ian Bogost
 - Published: 2009-03-01
 - Id: c15cd5b2-1707-4f9b-a0bc-32a817a1cb8b
2024-07-12 , 16:29:43  -  Book created: * Programming for the Puzzled
 - Written by: Srini Devadas
 - Published: 2017-11-09
 - Id: 42b362fe-cbe5-46ea-8c80-de496e95f9ab
2024-07-12 , 16:29:43  -  Book created: * Once Upon an Algorithm
 - Written by: Martin Erwig
 - Published: 2017-08-11
 - Id: 9bb965b7-9867-4869-96f3-26cf23c47be3
2024-07-12 , 16:29:43  -  Book created: * The Moon is a Harsh Mistress
 - Written by: Robert A. Heinlein
 - Published: 1966-06-02
 - Id: 6effc32e-cdf0-408f-9e3f-a1065646a351
2024-07-12 , 16:29:43  -  Book created: * Stranger in a Strange Land
 - Written by: Robert A. Heinlein
 - Published: 1961-06-01
 - Id: 2b5fbc93-c3c9-44bf-bc10-3c9818670c60
