2024-07-12 , 16:29:35  -  Movie registered: *Home Alone
 - Directed by: Chris Columbus
 - Released: 1990-11-16
 - Id: 2ba0d1c5-09eb-408b-b479-a227bc5d06c6
2024-07-12 , 16:29:35  -  Movie registered: *Jurassic Park
 - Directed by: Steven Spielberg
 - Released: 1993-06-11
 - Id: d2dcabc0-7f7e-436b-91ed-31df709c7768
2024-07-12 , 16:29:35  -  Movie registered: *Memento
 - Directed by: Christopher Nolan
 - Released: 2000-10-11
 - Id: 86ddfff0-e816-434f-a345-87016de24f57
2024-07-12 , 16:29:35  -  Movie registered: *Inception
 - Directed by: Christopher Nolan
 - Released: 2010-07-15
 - Id: 6bae61fd-5492-4aac-9f43-33c156f45b5d
2024-07-12 , 16:29:35  -  Movie registered: *Interstellar
 - Directed by: Christopher Nolan
 - Released: 2014-11-05
 - Id: 58dda718-ea8a-4d2d-9af1-02a6e46bbb20
2024-07-12 , 16:29:35  -  Movie registered: *Rogue One
 - Directed by: Gareth Edwards
 - Released: 2016-12-16
 - Id: c596d3ad-89ca-41e1-bfde-efa49bc0af0f
2024-07-12 , 16:29:35  -  Movie registered: *Contact
 - Directed by: Robert Zemeckis
 - Released: 1997-07-11
 - Id: 741869c5-d8ed-4fb5-9559-584d14070f53
2024-07-12 , 16:29:35  -  Movie registered: *Jurassic Park
 - Directed by: Steven Spielberg
 - Released: 1993-06-11
 - Id: e5f97943-bf82-4880-a2a3-7cb7cd1bcbdb
2024-07-12 , 16:29:35  -  Movie registered: *The Hitchhiker's Guide to the Galaxy
 - Directed by: Garth Jennings
 - Released: 2005-04-28
 - Id: ca15b18b-82ce-4f84-8bf7-be4fe326392e
2024-07-12 , 16:29:35  -  Movie registered: *Star Wars
 - Directed by: George Lucas
 - Released: 1977-05-25
 - Id: 314b36dc-5548-40f7-a688-f686bb0a2013
2024-07-12 , 16:29:35  -  Movie registered: *Star Trek
 - Directed by: J.J. Abrams
 - Released: 2009-05-06
 - Id: 9bf97ef4-11b8-4680-a9ce-8ebf82bd5e2e
2024-07-12 , 16:29:35  -  Movie registered: *Star Trek Into Darkness
 - Directed by: J.J. Abrams
 - Released: 2013-05-05
 - Id: 29668e4a-4e8b-46e0-aacc-c9ca4d1c78ee
2024-07-12 , 16:29:35  -  Movie registered: *Forrest Gump
 - Directed by: Robert Zemeckis
 - Released: 1994-07-06
 - Id: d86e5cac-5980-4d1f-82c2-86265a91712a
2024-07-12 , 16:29:35  -  Movie registered: *Cast Away
 - Directed by: Robert Zemeckis
 - Released: 2000-12-22
 - Id: 4690d489-ff78-4e7a-aae8-6419b97fbbb8
2024-07-12 , 16:29:35  -  Movie registered: *The Fifth Element
 - Directed by: Luc Besson
 - Released: 1997-05-02
 - Id: e8313320-72be-467a-bc2e-c483bf7da7b0
2024-07-12 , 16:29:35  -  Movie registered: *Close Encounters of the Third Kind
 - Directed by: Steven Spielberg
 - Released: 1977-11-18
 - Id: bc320ab6-e669-403b-95a4-6278406cd284
2024-07-12 , 16:29:35  -  Movie registered: *Star Wars
 - Directed by: George Lucas
 - Released: 1977-05-25
 - Id: 7253613e-a338-4e79-96ff-eb28aeb9904a
2024-07-12 , 16:29:35  -  Movie registered: *Jurassic Park
 - Directed by: Steven Spielberg
 - Released: 1993-06-11
 - Id: 2462e6bc-27ac-46ba-9bb2-3ed639474bb0
2024-07-12 , 16:29:35  -  Movie registered: *The Hitchhiker's Guide to the Galaxy
 - Directed by: Garth Jennings
 - Released: 2005-04-28
 - Id: f17d3b9e-f3a1-47e7-9c71-1a2bec4df9ef
2024-07-12 , 16:29:35  -  Movie registered: *Finding Nemo
 - Directed by: Andrew Stanton
 - Released: 2003-05-30
 - Id: c89d0546-90cd-428d-9297-d6ea634f596b
2024-07-12 , 16:29:35  -  Movie registered: *WALL·E
 - Directed by: Andrew Stanton
 - Released: 2008-06-22
 - Id: 9e0e3b70-805a-4d19-bb24-396189315e1e
2024-07-12 , 16:29:35  -  Movie registered: *Coco
 - Directed by: Lee Unkrich
 - Released: 2017-10-27
 - Id: 54645b7f-2a65-42f2-a729-c9b70f846a88
2024-07-12 , 16:29:35  -  Movie registered: *Toy Story 3
 - Directed by: Lee Unkrich
 - Released: 2010-06-16
 - Id: 292a7f22-ad14-450e-8519-4b7e3fac55f3
2024-07-12 , 16:29:35  -  Movie registered: *The Polar Express
 - Directed by: Robert Zemeckis
 - Released: 2004-11-10
 - Id: d401c2f8-a6b9-4739-91b8-d7a5e79a595a
2024-07-12 , 16:29:35  -  Movie registered: *Shrek
 - Directed by: Andrew Adamson
 - Released: 2001-05-18
 - Id: cd72ae8e-c367-4961-99e8-2e13e26d606a
2024-07-12 , 16:29:35  -  Movie registered: *Home Alone
 - Directed by: Chris Columbus
 - Released: 1990-11-16
 - Id: 56a48dfd-f497-4671-83f4-3a09320d335b
2024-07-12 , 16:29:35  -  Movie registered: *Back to the Future Part III
 - Directed by: Robert Zemeckis
 - Released: 1990-05-25
 - Id: 9b93033b-9cbd-4254-a030-5cdd83e4b692
2024-07-12 , 16:29:35  -  Movie registered: *Back to the Future
 - Directed by: Robert Zemeckis
 - Released: 1985-07-03
 - Id: 440275f8-f19f-4dbb-b731-2e233d384e51
2024-07-12 , 16:29:35  -  Movie registered: *Back to the Future Part II
 - Directed by: Robert Zemeckis
 - Released: 1989-11-22
 - Id: a16041bd-dd98-41e7-be1f-125f15614652
2024-07-12 , 16:29:35  -  Movie registered: *Who Framed Roger Rabbit
 - Directed by: Robert Zemeckis
 - Released: 1988-06-21
 - Id: e624c7ef-9fdf-4852-8360-d642be05dc3a
2024-07-12 , 16:29:35  -  Movie registered: *The Lord of the Rings: The Fellowship of the Ring
 - Directed by: Peter Jackson
 - Released: 2001-12-18
 - Id: 2648db02-4840-4b12-b022-2b3f695f4021
2024-07-12 , 16:29:35  -  Movie registered: *The Lord of the Rings: The Two Towers
 - Directed by: Peter Jackson
 - Released: 2002-12-18
 - Id: 48b704a9-c5c3-4d12-b256-f2fe5b432593
2024-07-12 , 16:29:35  -  Movie registered: *The Lord of the Rings: The Return of the King
 - Directed by: Peter Jackson
 - Released: 2003-12-01
 - Id: 20fb1a5d-0676-480a-826c-0a8ed89d11a2
2024-07-12 , 16:29:35  -  Movie registered: *Rogue One
 - Directed by: Gareth Edwards
 - Released: 2016-12-16
 - Id: 95bdd8f0-2d44-43b4-8b57-83ac8c6e55d5
2024-07-12 , 16:29:35  -  Movie registered: *The Hitchhiker's Guide to the Galaxy
 - Directed by: Garth Jennings
 - Released: 2005-04-28
 - Id: 36eda3d0-cdba-4f63-a411-808017efd1dc
2024-07-12 , 16:29:35  -  Movie registered: *Star Trek
 - Directed by: J.J. Abrams
 - Released: 2009-05-06
 - Id: 3c2dfd95-dba7-41d9-96a1-3350b941cb3e
2024-07-12 , 16:29:35  -  Movie registered: *Star Trek II: The Wrath of Khan
 - Directed by: Nicholas Meyer
 - Released: 1982-06-04
 - Id: e57eed30-04c5-40bb-abb0-2275d4b838b9
2024-07-12 , 16:29:35  -  Movie registered: *Star Trek Into Darkness
 - Directed by: J.J. Abrams
 - Released: 2013-05-05
 - Id: 49c2b124-7b89-4203-9665-b1b9a8dfb64d
2024-07-12 , 16:29:35  -  Movie registered: *The Lord of the Rings: The Return of the King
 - Directed by: Peter Jackson
 - Released: 2003-12-01
 - Id: f2909258-67b7-41c2-994b-a7dd5ad80276
2024-07-12 , 16:29:35  -  Movie registered: *The Lord of the Rings: The Two Towers
 - Directed by: Peter Jackson
 - Released: 2002-12-18
 - Id: ad90c53c-0e02-4968-9ac9-fd838f4383bb
2024-07-12 , 16:29:35  -  Movie registered: *The Lord of the Rings: The Fellowship of the Ring
 - Directed by: Peter Jackson
 - Released: 2001-12-18
 - Id: d1a614b3-5bd4-4783-bd3b-4aaeeddb0653
2024-07-12 , 16:29:35  -  Movie registered: *Memento
 - Directed by: Christopher Nolan
 - Released: 2000-10-11
 - Id: d4402506-e2c9-4692-be71-1c8877cd4659
2024-07-12 , 16:29:35  -  Movie registered: *Inception
 - Directed by: Christopher Nolan
 - Released: 2010-07-15
 - Id: 3d282210-2d91-4b7a-a8ef-45bc6d2a4605
2024-07-12 , 16:29:35  -  Movie registered: *Rogue One
 - Directed by: Gareth Edwards
 - Released: 2016-12-16
 - Id: fa60afb1-4b6a-4245-9441-305cc443ab75
2024-07-12 , 16:29:35  -  Movie registered: *Star Wars
 - Directed by: George Lucas
 - Released: 1977-05-25
 - Id: 460c9487-7fab-46e5-a586-83f14ee809b6
2024-07-12 , 16:29:35  -  Movie registered: *Back to the Future
 - Directed by: Robert Zemeckis
 - Released: 1985-07-03
 - Id: 3580bd38-7c05-45e0-8444-c9193f3139b3
2024-07-12 , 16:29:35  -  Movie registered: *Back to the Future Part II
 - Directed by: Robert Zemeckis
 - Released: 1989-11-22
 - Id: 395966b0-55eb-483e-8680-23fc15aa52a9
2024-07-12 , 16:29:35  -  Movie registered: *Back to the Future Part III
 - Directed by: Robert Zemeckis
 - Released: 1990-05-25
 - Id: 51d6df57-c08f-4eb6-992f-ec951743c3ae
2024-07-12 , 16:29:35  -  Movie registered: *The Fifth Element
 - Directed by: Luc Besson
 - Released: 1997-05-02
 - Id: f0624d0a-f277-4bfa-aa5f-3e0f12fe5833
2024-07-12 , 16:29:35  -  Movie registered: *The Lord of the Rings: The Fellowship of the Ring
 - Directed by: Peter Jackson
 - Released: 2001-12-18
 - Id: f61b4f51-3da2-46a0-8903-d4e810044463
2024-07-12 , 16:29:35  -  Movie registered: *The Lord of the Rings: The Two Towers
 - Directed by: Peter Jackson
 - Released: 2002-12-18
 - Id: 2c066ccb-3677-454c-9b55-64c0701c452d
2024-07-12 , 16:29:35  -  Movie registered: *The Lord of the Rings: The Return of the King
 - Directed by: Peter Jackson
 - Released: 2003-12-01
 - Id: ab6000d3-4c46-4f25-9c9c-19c549726159
2024-07-12 , 16:29:35  -  Movie registered: *Close Encounters of the Third Kind
 - Directed by: Steven Spielberg
 - Released: 1977-11-18
 - Id: 7ffa2355-5d5a-4ca4-8ff6-157961403355
2024-07-12 , 16:29:35  -  Movie registered: *Star Trek Into Darkness
 - Directed by: J.J. Abrams
 - Released: 2013-05-05
 - Id: ccfb4f7f-fae4-4dcc-aeff-9904e4ecf4ef
2024-07-12 , 16:29:35  -  Movie registered: *Jurassic Park
 - Directed by: Steven Spielberg
 - Released: 1993-06-11
 - Id: 0da4468f-d5b6-4521-87b8-f735e32a0928
2024-07-12 , 16:29:35  -  Movie registered: *The Hitchhiker's Guide to the Galaxy
 - Directed by: Garth Jennings
 - Released: 2005-04-28
 - Id: fba77454-59a9-4008-b7c4-7ed28ddd2cd5
2024-07-12 , 16:29:35  -  Movie registered: *Home Alone
 - Directed by: Chris Columbus
 - Released: 1990-11-16
 - Id: d6235d34-fae5-453f-a65c-3b625d9e3b7b
2024-07-12 , 16:29:43  -  Movie registered: *Home Alone
 - Directed by: Chris Columbus
 - Released: 1990-11-16
 - Id: 4512d766-cadc-4e65-b11b-580f593e9d86
2024-07-12 , 16:29:43  -  Movie registered: *Jurassic Park
 - Directed by: Steven Spielberg
 - Released: 1993-06-11
 - Id: 3f617aa5-20fd-4b24-8eda-a9d17c1dd551
2024-07-12 , 16:29:43  -  Movie registered: *Memento
 - Directed by: Christopher Nolan
 - Released: 2000-10-11
 - Id: 59ff917f-811d-4a0c-97fb-b4f94991f3fd
2024-07-12 , 16:29:43  -  Movie registered: *Inception
 - Directed by: Christopher Nolan
 - Released: 2010-07-15
 - Id: fb5b3a91-4a26-4c44-b5ca-e44d90ab60bb
2024-07-12 , 16:29:43  -  Movie registered: *Interstellar
 - Directed by: Christopher Nolan
 - Released: 2014-11-05
 - Id: 11fb05f7-1b1b-401a-900c-9ef8d528c4c6
2024-07-12 , 16:29:43  -  Movie registered: *Rogue One
 - Directed by: Gareth Edwards
 - Released: 2016-12-16
 - Id: 1b0c5e80-1cca-48e0-b551-2b100b6094f5
2024-07-12 , 16:29:43  -  Movie registered: *Contact
 - Directed by: Robert Zemeckis
 - Released: 1997-07-11
 - Id: c20813ad-739b-43c0-817c-9d7ca7f70d97
2024-07-12 , 16:29:43  -  Movie registered: *Jurassic Park
 - Directed by: Steven Spielberg
 - Released: 1993-06-11
 - Id: f845485a-2114-4b81-a8de-69e25a69bbc5
2024-07-12 , 16:29:43  -  Movie registered: *The Hitchhiker's Guide to the Galaxy
 - Directed by: Garth Jennings
 - Released: 2005-04-28
 - Id: 4ee74387-6814-4958-af55-4bb4032189a8
2024-07-12 , 16:29:43  -  Movie registered: *Star Wars
 - Directed by: George Lucas
 - Released: 1977-05-25
 - Id: 7a7644bf-ed4b-4d18-9aaa-6dbce39936b4
2024-07-12 , 16:29:43  -  Movie registered: *Star Trek
 - Directed by: J.J. Abrams
 - Released: 2009-05-06
 - Id: 41267ad7-75fd-4cf5-8801-2686ec4ccfc8
2024-07-12 , 16:29:43  -  Movie registered: *Star Trek Into Darkness
 - Directed by: J.J. Abrams
 - Released: 2013-05-05
 - Id: 705742c8-0ca2-40ae-b0a1-00aeb31b88da
2024-07-12 , 16:29:43  -  Movie registered: *Forrest Gump
 - Directed by: Robert Zemeckis
 - Released: 1994-07-06
 - Id: c8bb9188-7df7-4fd7-a668-ca9986035090
2024-07-12 , 16:29:43  -  Movie registered: *Cast Away
 - Directed by: Robert Zemeckis
 - Released: 2000-12-22
 - Id: 5e986643-954b-4e21-8713-aa72d2544995
2024-07-12 , 16:29:43  -  Movie registered: *The Fifth Element
 - Directed by: Luc Besson
 - Released: 1997-05-02
 - Id: c3d99cac-70ec-47e3-b7d5-c4282eedab20
2024-07-12 , 16:29:43  -  Movie registered: *Close Encounters of the Third Kind
 - Directed by: Steven Spielberg
 - Released: 1977-11-18
 - Id: 0dc8cb98-d5cb-4e7d-bd5d-cfcb1d00cbfb
2024-07-12 , 16:29:43  -  Movie registered: *Star Wars
 - Directed by: George Lucas
 - Released: 1977-05-25
 - Id: fb990a19-ac88-4c01-aa5b-f641c48f0c61
2024-07-12 , 16:29:43  -  Movie registered: *Jurassic Park
 - Directed by: Steven Spielberg
 - Released: 1993-06-11
 - Id: 68925889-f27a-417d-af02-8737441b4f7f
2024-07-12 , 16:29:43  -  Movie registered: *The Hitchhiker's Guide to the Galaxy
 - Directed by: Garth Jennings
 - Released: 2005-04-28
 - Id: f8a3a859-1c38-42f8-927c-2676196d71f9
2024-07-12 , 16:29:43  -  Movie registered: *Finding Nemo
 - Directed by: Andrew Stanton
 - Released: 2003-05-30
 - Id: fa64b33e-3ff6-481e-84ff-f7b82eb06b50
2024-07-12 , 16:29:43  -  Movie registered: *WALL·E
 - Directed by: Andrew Stanton
 - Released: 2008-06-22
 - Id: d7cc400f-2b95-433f-b6b8-e9ad9291d82d
2024-07-12 , 16:29:43  -  Movie registered: *Coco
 - Directed by: Lee Unkrich
 - Released: 2017-10-27
 - Id: d293b273-bee6-4418-a4fa-ee4fa6d26dff
2024-07-12 , 16:29:43  -  Movie registered: *Toy Story 3
 - Directed by: Lee Unkrich
 - Released: 2010-06-16
 - Id: 52dc6950-e8e3-44ae-aa29-23b6bb845e15
2024-07-12 , 16:29:43  -  Movie registered: *The Polar Express
 - Directed by: Robert Zemeckis
 - Released: 2004-11-10
 - Id: c1dcb136-f133-464b-ba0c-d5939df7ae9b
2024-07-12 , 16:29:43  -  Movie registered: *Shrek
 - Directed by: Andrew Adamson
 - Released: 2001-05-18
 - Id: 6a43a804-2b4a-4249-b1d3-ee4b10ec53db
2024-07-12 , 16:29:43  -  Movie registered: *Home Alone
 - Directed by: Chris Columbus
 - Released: 1990-11-16
 - Id: 0251c833-df06-44c9-b245-21c2d675af45
2024-07-12 , 16:29:43  -  Movie registered: *Back to the Future Part III
 - Directed by: Robert Zemeckis
 - Released: 1990-05-25
 - Id: 0a8b27f8-627c-4ab6-9e4d-68c427781d3f
2024-07-12 , 16:29:43  -  Movie registered: *Back to the Future
 - Directed by: Robert Zemeckis
 - Released: 1985-07-03
 - Id: 5b751f12-7508-48f1-a7c9-861d26908427
2024-07-12 , 16:29:43  -  Movie registered: *Back to the Future Part II
 - Directed by: Robert Zemeckis
 - Released: 1989-11-22
 - Id: 399e638f-0379-46f8-9639-41c7b303357c
2024-07-12 , 16:29:43  -  Movie registered: *Who Framed Roger Rabbit
 - Directed by: Robert Zemeckis
 - Released: 1988-06-21
 - Id: 2a273910-dbc1-4aad-bd10-de558393eba9
2024-07-12 , 16:29:43  -  Movie registered: *The Lord of the Rings: The Fellowship of the Ring
 - Directed by: Peter Jackson
 - Released: 2001-12-18
 - Id: e9e4533c-35e5-498f-ad6a-4682f57ac779
2024-07-12 , 16:29:43  -  Movie registered: *The Lord of the Rings: The Two Towers
 - Directed by: Peter Jackson
 - Released: 2002-12-18
 - Id: f5824c7e-3306-4e87-976b-ecc3b1cf35c2
2024-07-12 , 16:29:43  -  Movie registered: *The Lord of the Rings: The Return of the King
 - Directed by: Peter Jackson
 - Released: 2003-12-01
 - Id: ce9bab24-68c9-417f-aa46-59eee56030cf
2024-07-12 , 16:29:43  -  Movie registered: *Rogue One
 - Directed by: Gareth Edwards
 - Released: 2016-12-16
 - Id: a86208dd-61e0-4646-ba83-b9df12c096f6
2024-07-12 , 16:29:43  -  Movie registered: *The Hitchhiker's Guide to the Galaxy
 - Directed by: Garth Jennings
 - Released: 2005-04-28
 - Id: 905f336d-ccef-4bd1-9c33-472388c3dc02
2024-07-12 , 16:29:43  -  Movie registered: *Star Trek
 - Directed by: J.J. Abrams
 - Released: 2009-05-06
 - Id: c1d9beb0-c01d-435d-ac31-ecbd3d08d3ef
2024-07-12 , 16:29:43  -  Movie registered: *Star Trek II: The Wrath of Khan
 - Directed by: Nicholas Meyer
 - Released: 1982-06-04
 - Id: f5ec087d-15af-429f-bc94-a6e1b3e18488
2024-07-12 , 16:29:43  -  Movie registered: *Star Trek Into Darkness
 - Directed by: J.J. Abrams
 - Released: 2013-05-05
 - Id: dab87465-6aaf-4138-b56e-90bcab00aed8
2024-07-12 , 16:29:43  -  Movie registered: *The Lord of the Rings: The Return of the King
 - Directed by: Peter Jackson
 - Released: 2003-12-01
 - Id: ec2826ed-6620-4f1d-8850-9cf93a11f8ad
2024-07-12 , 16:29:43  -  Movie registered: *The Lord of the Rings: The Two Towers
 - Directed by: Peter Jackson
 - Released: 2002-12-18
 - Id: 076633ab-e5ae-432a-8f39-1129d36823ae
2024-07-12 , 16:29:43  -  Movie registered: *The Lord of the Rings: The Fellowship of the Ring
 - Directed by: Peter Jackson
 - Released: 2001-12-18
 - Id: b2297196-3680-456f-a01a-37bc6b2a9dca
2024-07-12 , 16:29:43  -  Movie registered: *Memento
 - Directed by: Christopher Nolan
 - Released: 2000-10-11
 - Id: d007247d-bf0b-4934-b844-e0aeba9d9769
2024-07-12 , 16:29:43  -  Movie registered: *Inception
 - Directed by: Christopher Nolan
 - Released: 2010-07-15
 - Id: 590e5d65-abae-4dbf-934f-0ac668b940e4
2024-07-12 , 16:29:43  -  Movie registered: *Rogue One
 - Directed by: Gareth Edwards
 - Released: 2016-12-16
 - Id: 68b84a85-e1b1-49e3-afdf-8353ab03f592
2024-07-12 , 16:29:43  -  Movie registered: *Star Wars
 - Directed by: George Lucas
 - Released: 1977-05-25
 - Id: 0bf14b83-6b9a-412f-bc5a-892451914931
2024-07-12 , 16:29:43  -  Movie registered: *Back to the Future
 - Directed by: Robert Zemeckis
 - Released: 1985-07-03
 - Id: 8c9e0ebe-9cae-4545-8cf0-361437a897f9
2024-07-12 , 16:29:43  -  Movie registered: *Back to the Future Part II
 - Directed by: Robert Zemeckis
 - Released: 1989-11-22
 - Id: 607b78c6-c452-4352-9d92-0b0fc0258f86
2024-07-12 , 16:29:43  -  Movie registered: *Back to the Future Part III
 - Directed by: Robert Zemeckis
 - Released: 1990-05-25
 - Id: c95ad49a-9f0c-4d60-ac52-ce8006611221
2024-07-12 , 16:29:43  -  Movie registered: *The Fifth Element
 - Directed by: Luc Besson
 - Released: 1997-05-02
 - Id: 1e9cd2c1-506c-4065-860a-127198c6ee3d
2024-07-12 , 16:29:43  -  Movie registered: *The Lord of the Rings: The Fellowship of the Ring
 - Directed by: Peter Jackson
 - Released: 2001-12-18
 - Id: 1eaf9256-8e50-46db-a9ca-3aa60f66a32e
2024-07-12 , 16:29:43  -  Movie registered: *The Lord of the Rings: The Two Towers
 - Directed by: Peter Jackson
 - Released: 2002-12-18
 - Id: 43d37ecd-7d11-48d1-97cc-b352ef2995bd
2024-07-12 , 16:29:43  -  Movie registered: *The Lord of the Rings: The Return of the King
 - Directed by: Peter Jackson
 - Released: 2003-12-01
 - Id: bd18d982-ceb9-4ab1-adf4-712b48851529
2024-07-12 , 16:29:43  -  Movie registered: *Close Encounters of the Third Kind
 - Directed by: Steven Spielberg
 - Released: 1977-11-18
 - Id: d517da27-d67e-4e62-9030-76c1c2bd8898
2024-07-12 , 16:29:43  -  Movie registered: *Star Trek Into Darkness
 - Directed by: J.J. Abrams
 - Released: 2013-05-05
 - Id: 5204c2a7-d2e4-4f87-9753-40e5cd79ddf6
2024-07-12 , 16:29:43  -  Movie registered: *Jurassic Park
 - Directed by: Steven Spielberg
 - Released: 1993-06-11
 - Id: 975be375-271b-471f-a989-9c440dd76b3f
2024-07-12 , 16:29:43  -  Movie registered: *The Hitchhiker's Guide to the Galaxy
 - Directed by: Garth Jennings
 - Released: 2005-04-28
 - Id: 9c290267-ed7b-459e-8be8-fe530c9cf448
2024-07-12 , 16:29:43  -  Movie registered: *Home Alone
 - Directed by: Chris Columbus
 - Released: 1990-11-16
 - Id: 486c53a4-ecc5-4817-82fa-ff34b74ee6ec
