2024-07-12 , 16:29:35  -  Tool created: * socket wrench
 - Manufactured by: Craftsman
 - Id: 2339784b-e35b-4251-b936-91d47a309554
- Quantity: 1
2024-07-12 , 16:29:35  -  Tool created: * socket wrench
 - Manufactured by: DeWalt
 - Id: b0dcff0f-35ca-4938-97fd-27801a956dfb
- Quantity: 2
2024-07-12 , 16:29:35  -  Tool created: * power drill
 - Manufactured by: DeWalt
 - Id: 5032065b-213a-4d8f-a897-6507a2e191cb
- Quantity: 2
2024-07-12 , 16:29:35  -  Tool created: * hand saw
 - Manufactured by: Craftsman
 - Id: 6de7851d-189f-4294-915f-ec3f990842cb
- Quantity: 1
2024-07-12 , 16:29:35  -  Tool created: * hammer
 - Manufactured by: Craftsman
 - Id: 91f9e562-21e9-4f40-8032-3f9e9477859c
- Quantity: 1
2024-07-12 , 16:29:35  -  Tool created: * stapler
 - Manufactured by: DeWalt
 - Id: be11f239-20d0-461d-8c53-ffcd7edf7f4d
- Quantity: 2
2024-07-12 , 16:29:35  -  Tool created: * power drill
 - Manufactured by: DeWalt
 - Id: 1f8a6e9e-0fbb-4092-90a8-13bc5a7bc37c
- Quantity: 1
2024-07-12 , 16:29:35  -  Tool created: * socket wrench
 - Manufactured by: DeWalt
 - Id: d704243e-057a-48c6-b1f2-ee91b789ec0d
- Quantity: 3
2024-07-12 , 16:29:35  -  Tool created: * stapler
 - Manufactured by: Swingline
 - Id: 3f4ef5b0-2df5-46b3-b889-a1d2b3fde587
- Quantity: 2
2024-07-12 , 16:29:35  -  Tool created: * hand saw
 - Manufactured by: Craftsman
 - Id: f5b929e3-4456-4613-bc4b-f20c059e3785
- Quantity: 1
2024-07-12 , 16:29:35  -  Tool created: * hammer
 - Manufactured by: Craftsman
 - Id: dc25ef4a-a8d1-49f1-889f-6f09ef661e37
- Quantity: 1
2024-07-12 , 16:29:35  -  Tool created: * hammer
 - Manufactured by: Craftsman
 - Id: 2085628c-500e-49df-b974-e17321aba507
- Quantity: 1
2024-07-12 , 16:29:35  -  Tool created: * hand saw
 - Manufactured by: Craftsman
 - Id: c2ac0a37-f9ce-4e4f-b440-fb1e969e1345
- Quantity: 1
2024-07-12 , 16:29:35  -  Tool created: * socket wrench
 - Manufactured by: DeWalt
 - Id: 3e1bbdec-effe-464d-8003-3382145c6161
- Quantity: 1
2024-07-12 , 16:29:35  -  Tool created: * pry bar
 - Manufactured by: Stanley
 - Id: 3b28b15d-c138-43a2-ad49-7e27eec126b7
- Quantity: 2
2024-07-12 , 16:29:35  -  Tool created: * hammer
 - Manufactured by: Vaughan
 - Id: 574d12fe-88b4-4b62-b2fc-2cdf3301a863
- Quantity: 2
2024-07-12 , 16:29:35  -  Tool created: * hammer
 - Manufactured by: Craftsman
 - Id: e06dea43-9214-4fd4-8453-0e071218031b
- Quantity: 1
2024-07-12 , 16:29:35  -  Tool created: * hand saw
 - Manufactured by: Stanley
 - Id: ea9be2b9-6b2e-4f6b-a7e7-fdc071ffd92a
- Quantity: 3
2024-07-12 , 16:29:35  -  Tool created: * power drill
 - Manufactured by: Milwaukee
 - Id: ce749933-bdc7-4d46-96bf-db0f1bd64626
- Quantity: 2
2024-07-12 , 16:29:35  -  Tool created: * stapler
 - Manufactured by: DeWalt
 - Id: 40265225-3e06-46aa-b00f-1900a833f2df
- Quantity: 2
2024-07-12 , 16:29:35  -  Tool created: * socket wrench
 - Manufactured by: DeWalt
 - Id: b16c7c92-cc64-496b-b8ba-f223c9258f52
- Quantity: 2
2024-07-12 , 16:29:43  -  Tool created: * socket wrench
 - Manufactured by: Craftsman
 - Id: 1d19454b-ce9f-4ed5-83d9-dd1153dd4884
- Quantity: 1
2024-07-12 , 16:29:43  -  Tool created: * socket wrench
 - Manufactured by: DeWalt
 - Id: a292a2e8-6281-483d-83fd-3f6afc9254d8
- Quantity: 2
2024-07-12 , 16:29:43  -  Tool created: * power drill
 - Manufactured by: DeWalt
 - Id: 93a33ef4-4986-43cd-a888-f95d952da479
- Quantity: 2
2024-07-12 , 16:29:43  -  Tool created: * hand saw
 - Manufactured by: Craftsman
 - Id: e8d41f52-716e-4ea7-8ef7-ffbe9e2396ce
- Quantity: 1
2024-07-12 , 16:29:43  -  Tool created: * hammer
 - Manufactured by: Craftsman
 - Id: e47a5fb2-a90c-4374-aed5-be3053e8c287
- Quantity: 1
2024-07-12 , 16:29:43  -  Tool created: * stapler
 - Manufactured by: DeWalt
 - Id: 19e41799-f4f2-45ee-9e87-945c5f422a59
- Quantity: 2
2024-07-12 , 16:29:43  -  Tool created: * power drill
 - Manufactured by: DeWalt
 - Id: 877b0d34-6b6f-4c48-8f72-9ad82dd46c70
- Quantity: 1
2024-07-12 , 16:29:43  -  Tool created: * socket wrench
 - Manufactured by: DeWalt
 - Id: a78ab02b-d19f-4c4a-b470-4a9e0d4bdbea
- Quantity: 3
2024-07-12 , 16:29:43  -  Tool created: * stapler
 - Manufactured by: Swingline
 - Id: d12f05fc-2bf2-44f9-8a3c-da23fd3cf8a8
- Quantity: 2
2024-07-12 , 16:29:43  -  Tool created: * hand saw
 - Manufactured by: Craftsman
 - Id: a4291ba8-09ce-440e-b3a4-32c1a532eddc
- Quantity: 1
2024-07-12 , 16:29:43  -  Tool created: * hammer
 - Manufactured by: Craftsman
 - Id: 4159b576-7110-49e0-9e07-4edc2da8e092
- Quantity: 1
2024-07-12 , 16:29:43  -  Tool created: * hammer
 - Manufactured by: Craftsman
 - Id: 248d9fda-a4d3-495c-9714-73e1de8496de
- Quantity: 1
2024-07-12 , 16:29:43  -  Tool created: * hand saw
 - Manufactured by: Craftsman
 - Id: 97b467d6-82bc-4fda-9bd8-55bfc3875cc1
- Quantity: 1
2024-07-12 , 16:29:43  -  Tool created: * socket wrench
 - Manufactured by: DeWalt
 - Id: 990c7e18-9ac3-4f6f-8c6d-9e0115ef690d
- Quantity: 1
2024-07-12 , 16:29:43  -  Tool created: * pry bar
 - Manufactured by: Stanley
 - Id: ef9115d7-1048-44cf-a2e6-9d5ccbdccfd1
- Quantity: 2
2024-07-12 , 16:29:43  -  Tool created: * hammer
 - Manufactured by: Vaughan
 - Id: 7307c60d-6339-40c4-b862-0f991d0ec39b
- Quantity: 2
2024-07-12 , 16:29:43  -  Tool created: * hammer
 - Manufactured by: Craftsman
 - Id: acae0db7-c085-47e0-b012-3671c7949273
- Quantity: 1
2024-07-12 , 16:29:43  -  Tool created: * hand saw
 - Manufactured by: Stanley
 - Id: 8cced693-98c2-48e5-bfe4-6c349d7903f9
- Quantity: 3
2024-07-12 , 16:29:43  -  Tool created: * power drill
 - Manufactured by: Milwaukee
 - Id: b6a45d2a-3378-4fdc-befe-815e9e58b77c
- Quantity: 2
2024-07-12 , 16:29:43  -  Tool created: * stapler
 - Manufactured by: DeWalt
 - Id: daf9f357-8e1f-473b-97e6-81bd569f5c28
- Quantity: 2
2024-07-12 , 16:29:43  -  Tool created: * socket wrench
 - Manufactured by: DeWalt
 - Id: e07574f8-fb64-4fd2-ad1a-87d010bd1a3c
- Quantity: 2
